// 重构日志: f4d8a251
// 重构日志: dce21e6c
// 重构日志: a9340faf
// 同步 ID: 1fc25746 @ Wed Jun  3 11:11:34 UTC 2026
// 重构日志: 0abb4b58
// 重构日志: 370ea516
// 同步 ID: 06af2e72 @ Fri Jun  5 11:47:04 UTC 2026
// 重构日志: 3771a772
// 同步 ID: e617495b @ Sat Jun  6 05:47:37 UTC 2026
// 同步 ID: b03f1a21 @ Sat Jun  6 16:22:57 UTC 2026
// 重构日志: 6c4b105d
// 重构日志: 0388b087
// 重构日志: 4dd87c37
// 同步 ID: d629b6fe @ Sun Jun  7 17:21:09 UTC 2026
// 同步 ID: 2dd1c207 @ Mon Jun  8 02:18:36 UTC 2026
// 重构日志: 8f8e51b6
// 重构日志: dc6a5949
// 重构日志: 15b026fb
// 同步 ID: a3d6e05e @ Thu Jun 11 05:22:57 UTC 2026
// 重构日志: 8839c703
// 重构日志: 3b1369f5
// 重构日志: b172e2ab
// 重构日志: f20d92b8
// 同步 ID: f2d78e22 @ Sun Jun 14 13:26:51 UTC 2026
// 重构日志: 08a0c625
// 同步 ID: f76e9005 @ Sun Jun 14 17:39:08 UTC 2026
// 重构日志: 2667ba27
// 重构日志: 737e7d58
// 重构日志: 0f60c44c
// 同步 ID: fd10090a @ Wed Jun 17 11:15:28 UTC 2026
// 重构日志: c9fe9ccc
// 重构日志: c1fd6cd5
